<?xml version="1.0" encoding="UTF-8" ?>
<testsuite failures="0" time="0.106" errors="1" skipped="0" tests="1" name="org.youdevise.fbplugins.findbugsjunit.JUnitIgnoreVisitorTest">
  <properties>
    <property name="java.runtime.name" value="Java(TM) SE Runtime Environment"/>
    <property name="sun.boot.library.path" value="/home/graham/dev/jdks/jdk1.6.0_12/jre/lib/i386"/>
    <property name="java.vm.version" value="11.2-b01"/>
    <property name="java.vm.vendor" value="Sun Microsystems Inc."/>
    <property name="java.vendor.url" value="http://java.sun.com/"/>
    <property name="path.separator" value=":"/>
    <property name="java.vm.name" value="Java HotSpot(TM) Server VM"/>
    <property name="file.encoding.pkg" value="sun.io"/>
    <property name="user.country" value="GB"/>
    <property name="sun.java.launcher" value="SUN_STANDARD"/>
    <property name="sun.os.patch.level" value="unknown"/>
    <property name="java.vm.specification.name" value="Java Virtual Machine Specification"/>
    <property name="user.dir" value="/home/graham/dev/workspaces/projects/findbugs4junit"/>
    <property name="java.runtime.version" value="1.6.0_12-b04"/>
    <property name="java.awt.graphicsenv" value="sun.awt.X11GraphicsEnvironment"/>
    <property name="basedir" value="/home/graham/dev/workspaces/projects/findbugs4junit"/>
    <property name="java.endorsed.dirs" value="/home/graham/dev/jdks/jdk1.6.0_12/jre/lib/endorsed"/>
    <property name="os.arch" value="i386"/>
    <property name="surefire.real.class.path" value="/tmp/surefirebooter1790573554756252473.jar"/>
    <property name="java.io.tmpdir" value="/tmp"/>
    <property name="line.separator" value="
"/>
    <property name="java.vm.specification.vendor" value="Sun Microsystems Inc."/>
    <property name="os.name" value="Linux"/>
    <property name="sun.jnu.encoding" value="UTF-8"/>
    <property name="java.library.path" value="/home/graham/dev/jdks/jdk1.6.0_12/jre/lib/i386/server:/home/graham/dev/jdks/jdk1.6.0_12/jre/lib/i386:/home/graham/dev/jdks/jdk1.6.0_12/jre/../lib/i386:/usr/java/packages/lib/i386:/lib:/usr/lib"/>
    <property name="surefire.test.class.path" value="/home/graham/dev/workspaces/projects/findbugs4junit/target/test-classes:/home/graham/dev/workspaces/projects/findbugs4junit/target/classes:/home/graham/.m2/repository/asm/asm-debug-all/3.2/asm-debug-all-3.2.jar:/home/graham/.m2/repository/org/tmatesoft/svnkit/svnkit/1.3.1/svnkit-1.3.1.jar:/home/graham/.m2/repository/com/google/code/findbugs/bcel/1.3.7/bcel-1.3.7.jar:/home/graham/.m2/repository/com/google/code/findbugs/findbugs/1.3.7/findbugs-1.3.7.jar:/home/graham/.m2/repository/com/google/code/findbugs/jsr305/1.3.7/jsr305-1.3.7.jar:/home/graham/.m2/repository/com/google/code/findbugs/jFormatString/1.3.7/jFormatString-1.3.7.jar:/home/graham/.m2/repository/com/google/code/findbugs/annotations/1.3.7/annotations-1.3.7.jar:/home/graham/.m2/repository/dom4j/dom4j/1.6.1/dom4j-1.6.1.jar:/home/graham/.m2/repository/xml-apis/xml-apis/1.0.b2/xml-apis-1.0.b2.jar:/home/graham/.m2/repository/jaxen/jaxen/1.1.1/jaxen-1.1.1.jar:/home/graham/.m2/repository/jdom/jdom/1.0/jdom-1.0.jar:/home/graham/.m2/repository/xerces/xercesImpl/2.6.2/xercesImpl-2.6.2.jar:/home/graham/.m2/repository/xom/xom/1.0/xom-1.0.jar:/home/graham/.m2/repository/xerces/xmlParserAPIs/2.6.2/xmlParserAPIs-2.6.2.jar:/home/graham/.m2/repository/xalan/xalan/2.6.0/xalan-2.6.0.jar:/home/graham/.m2/repository/com/ibm/icu/icu4j/2.6.1/icu4j-2.6.1.jar:/home/graham/.m2/repository/asm/asm/3.1/asm-3.1.jar:/home/graham/.m2/repository/asm/asm-analysis/3.1/asm-analysis-3.1.jar:/home/graham/.m2/repository/asm/asm-tree/3.1/asm-tree-3.1.jar:/home/graham/.m2/repository/asm/asm-commons/3.1/asm-commons-3.1.jar:/home/graham/.m2/repository/asm/asm-util/3.1/asm-util-3.1.jar:/home/graham/.m2/repository/asm/asm-xml/3.1/asm-xml-3.1.jar:/home/graham/.m2/repository/commons-lang/commons-lang/2.4/commons-lang-2.4.jar:/home/graham/.m2/repository/org/mockito/mockito-core/1.8.4/mockito-core-1.8.4.jar:/home/graham/.m2/repository/org/hamcrest/hamcrest-core/1.2/hamcrest-core-1.2.jar:/home/graham/.m2/repository/org/objenesis/objenesis/1.0/objenesis-1.0.jar:/home/graham/.m2/repository/junit/junit-dep/4.8.2/junit-dep-4.8.2.jar:"/>
    <property name="java.specification.name" value="Java Platform API Specification"/>
    <property name="java.class.version" value="50.0"/>
    <property name="sun.management.compiler" value="HotSpot Tiered Compilers"/>
    <property name="os.version" value="2.6.32-25-generic"/>
    <property name="user.home" value="/home/graham"/>
    <property name="user.timezone" value=""/>
    <property name="java.awt.printerjob" value="sun.print.PSPrinterJob"/>
    <property name="file.encoding" value="UTF-8"/>
    <property name="java.specification.version" value="1.6"/>
    <property name="user.name" value="graham"/>
    <property name="java.class.path" value="/home/graham/dev/workspaces/projects/findbugs4junit/target/test-classes:/home/graham/dev/workspaces/projects/findbugs4junit/target/classes:/home/graham/.m2/repository/asm/asm-debug-all/3.2/asm-debug-all-3.2.jar:/home/graham/.m2/repository/org/tmatesoft/svnkit/svnkit/1.3.1/svnkit-1.3.1.jar:/home/graham/.m2/repository/com/google/code/findbugs/bcel/1.3.7/bcel-1.3.7.jar:/home/graham/.m2/repository/com/google/code/findbugs/findbugs/1.3.7/findbugs-1.3.7.jar:/home/graham/.m2/repository/com/google/code/findbugs/jsr305/1.3.7/jsr305-1.3.7.jar:/home/graham/.m2/repository/com/google/code/findbugs/jFormatString/1.3.7/jFormatString-1.3.7.jar:/home/graham/.m2/repository/com/google/code/findbugs/annotations/1.3.7/annotations-1.3.7.jar:/home/graham/.m2/repository/dom4j/dom4j/1.6.1/dom4j-1.6.1.jar:/home/graham/.m2/repository/xml-apis/xml-apis/1.0.b2/xml-apis-1.0.b2.jar:/home/graham/.m2/repository/jaxen/jaxen/1.1.1/jaxen-1.1.1.jar:/home/graham/.m2/repository/jdom/jdom/1.0/jdom-1.0.jar:/home/graham/.m2/repository/xerces/xercesImpl/2.6.2/xercesImpl-2.6.2.jar:/home/graham/.m2/repository/xom/xom/1.0/xom-1.0.jar:/home/graham/.m2/repository/xerces/xmlParserAPIs/2.6.2/xmlParserAPIs-2.6.2.jar:/home/graham/.m2/repository/xalan/xalan/2.6.0/xalan-2.6.0.jar:/home/graham/.m2/repository/com/ibm/icu/icu4j/2.6.1/icu4j-2.6.1.jar:/home/graham/.m2/repository/asm/asm/3.1/asm-3.1.jar:/home/graham/.m2/repository/asm/asm-analysis/3.1/asm-analysis-3.1.jar:/home/graham/.m2/repository/asm/asm-tree/3.1/asm-tree-3.1.jar:/home/graham/.m2/repository/asm/asm-commons/3.1/asm-commons-3.1.jar:/home/graham/.m2/repository/asm/asm-util/3.1/asm-util-3.1.jar:/home/graham/.m2/repository/asm/asm-xml/3.1/asm-xml-3.1.jar:/home/graham/.m2/repository/commons-lang/commons-lang/2.4/commons-lang-2.4.jar:/home/graham/.m2/repository/org/mockito/mockito-core/1.8.4/mockito-core-1.8.4.jar:/home/graham/.m2/repository/org/hamcrest/hamcrest-core/1.2/hamcrest-core-1.2.jar:/home/graham/.m2/repository/org/objenesis/objenesis/1.0/objenesis-1.0.jar:/home/graham/.m2/repository/junit/junit-dep/4.8.2/junit-dep-4.8.2.jar:"/>
    <property name="java.vm.specification.version" value="1.0"/>
    <property name="sun.arch.data.model" value="32"/>
    <property name="java.home" value="/home/graham/dev/jdks/jdk1.6.0_12/jre"/>
    <property name="java.specification.vendor" value="Sun Microsystems Inc."/>
    <property name="user.language" value="en"/>
    <property name="java.vm.info" value="mixed mode"/>
    <property name="java.version" value="1.6.0_12"/>
    <property name="java.ext.dirs" value="/home/graham/dev/jdks/jdk1.6.0_12/jre/lib/ext:/usr/java/packages/lib/ext"/>
    <property name="sun.boot.class.path" value="/home/graham/dev/jdks/jdk1.6.0_12/jre/lib/resources.jar:/home/graham/dev/jdks/jdk1.6.0_12/jre/lib/rt.jar:/home/graham/dev/jdks/jdk1.6.0_12/jre/lib/sunrsasign.jar:/home/graham/dev/jdks/jdk1.6.0_12/jre/lib/jsse.jar:/home/graham/dev/jdks/jdk1.6.0_12/jre/lib/jce.jar:/home/graham/dev/jdks/jdk1.6.0_12/jre/lib/charsets.jar:/home/graham/dev/jdks/jdk1.6.0_12/jre/classes"/>
    <property name="java.vendor" value="Sun Microsystems Inc."/>
    <property name="localRepository" value="/home/graham/.m2/repository"/>
    <property name="file.separator" value="/"/>
    <property name="java.vendor.url.bug" value="http://java.sun.com/cgi-bin/bugreport.cgi"/>
    <property name="sun.cpu.endian" value="little"/>
    <property name="sun.io.unicode.encoding" value="UnicodeLittle"/>
    <property name="sun.cpu.isalist" value=""/>
  </properties>
  <testcase time="0.007" classname="org.youdevise.fbplugins.findbugsjunit.JUnitIgnoreVisitorTest" name="hasFoundIgnore">
    <error message="Unresolved compilation problems: 
	The import org.youdeviuse cannot be resolved
	WithIgnoredTestCases cannot be resolved to a type
" type="java.lang.Error">java.lang.Error: Unresolved compilation problems: 
	The import org.youdeviuse cannot be resolved
	WithIgnoredTestCases cannot be resolved to a type

	at org.youdevise.fbplugins.findbugsjunit.JUnitIgnoreVisitorTest.&lt;init&gt;(JUnitIgnoreVisitorTest.java:19)
	at sun.reflect.NativeConstructorAccessorImpl.newInstance0(Native Method)
	at sun.reflect.NativeConstructorAccessorImpl.newInstance(NativeConstructorAccessorImpl.java:39)
	at sun.reflect.DelegatingConstructorAccessorImpl.newInstance(DelegatingConstructorAccessorImpl.java:27)
	at java.lang.reflect.Constructor.newInstance(Constructor.java:513)
	at org.junit.runners.BlockJUnit4ClassRunner.createTest(BlockJUnit4ClassRunner.java:209)
	at org.junit.runners.BlockJUnit4ClassRunner$1.runReflectiveCall(BlockJUnit4ClassRunner.java:258)
	at org.junit.internal.runners.model.ReflectiveCallable.run(ReflectiveCallable.java:15)
	at org.junit.runners.BlockJUnit4ClassRunner.methodBlock(BlockJUnit4ClassRunner.java:255)
	at org.junit.runners.BlockJUnit4ClassRunner.runNotIgnored(BlockJUnit4ClassRunner.java:79)
	at org.junit.runners.BlockJUnit4ClassRunner.runChild(BlockJUnit4ClassRunner.java:71)
	at org.junit.runners.BlockJUnit4ClassRunner.runChild(BlockJUnit4ClassRunner.java:49)
	at org.junit.runners.ParentRunner$3.run(ParentRunner.java:193)
	at org.junit.runners.ParentRunner$1.schedule(ParentRunner.java:52)
	at org.junit.runners.ParentRunner.runChildren(ParentRunner.java:191)
	at org.junit.runners.ParentRunner.access$000(ParentRunner.java:42)
	at org.junit.runners.ParentRunner$2.evaluate(ParentRunner.java:184)
	at org.junit.runners.ParentRunner.run(ParentRunner.java:236)
	at org.apache.maven.surefire.junit4.JUnit4TestSet.execute(JUnit4TestSet.java:59)
	at org.apache.maven.surefire.suite.AbstractDirectoryTestSuite.executeTestSet(AbstractDirectoryTestSuite.java:115)
	at org.apache.maven.surefire.suite.AbstractDirectoryTestSuite.execute(AbstractDirectoryTestSuite.java:102)
	at org.apache.maven.surefire.Surefire.run(Surefire.java:180)
	at sun.reflect.NativeMethodAccessorImpl.invoke0(Native Method)
	at sun.reflect.NativeMethodAccessorImpl.invoke(NativeMethodAccessorImpl.java:39)
	at sun.reflect.DelegatingMethodAccessorImpl.invoke(DelegatingMethodAccessorImpl.java:25)
	at java.lang.reflect.Method.invoke(Method.java:597)
	at org.apache.maven.surefire.booter.SurefireBooter.runSuitesInProcess(SurefireBooter.java:350)
	at org.apache.maven.surefire.booter.SurefireBooter.main(SurefireBooter.java:1021)
</error>
  </testcase>
</testsuite>